<?xml version="1.0" encoding="UTF-8"?>
<!-- Generated by org.testng.reporters.JUnitReportReporter -->
<testsuite hostname="DESKTOP-U4UFJ9B" failures="0" tests="1" name="testScripts.LoginPageTest" time="160.225" errors="0" timestamp="2023-06-04T14:02:12 IST" skipped="0">
  <testcase classname="testScripts.LoginPageTest" name="loginToESHomecare" time="160.225"/>
  <system-out/>
</testsuite> <!-- testScripts.LoginPageTest -->
