<?xml version="1.0" encoding="UTF-8"?>
<!-- Generated by org.testng.reporters.JUnitReportReporter -->
<testsuite hostname="DESKTOP-U4UFJ9B" failures="0" tests="1" name="testScripts.Client_PersonelInfoPageTest" time="21.040" errors="0" timestamp="2023-06-02T04:54:20 IST" skipped="0">
  <testcase classname="testScripts.Client_PersonelInfoPageTest" name="personelInfoValidation" time="21.040"/>
  <system-out/>
</testsuite> <!-- testScripts.Client_PersonelInfoPageTest -->
